{"level":"info","message":"Fetching similar closed issues","projectId":null,"sourceIssue":{"id":"3812","title":"z75567 - 1099 LISTING REPORT"},"timeframe":"6months","timestamp":"2024-11-20T19:04:15.532Z"}
{"error":"Request failed with status code 403","issueId":"3812","level":"error","message":"Error fetching source issue details","timestamp":"2024-11-20T19:04:15.663Z"}
{"error":"Failed to fetch source issue details","level":"error","message":"Error in getSimilarClosedIssues","sourceIssue":{"id":"3812","title":"z75567 - 1099 LISTING REPORT"},"stack":"Error: Failed to fetch source issue details\n    at file:///Users/kennyjohnson/Panoramic/projects/js-gitlab-suggester/server.js:143:19\n    at process.processTicksAndRejections (node:internal/process/task_queues:95:5)\n    at async getSimilarClosedIssues (file:///Users/kennyjohnson/Panoramic/projects/js-gitlab-suggester/server.js:135:31)\n    at async file:///Users/kennyjohnson/Panoramic/projects/js-gitlab-suggester/server.js:306:31","timestamp":"2024-11-20T19:04:15.663Z"}
{"error":"Failed to fetch similar closed issues: Failed to fetch source issue details","issueId":"3812","level":"error","message":"Error in fetch-similar-closed-issues endpoint","stack":"Error: Failed to fetch similar closed issues: Failed to fetch source issue details\n    at getSimilarClosedIssues (file:///Users/kennyjohnson/Panoramic/projects/js-gitlab-suggester/server.js:188:15)\n    at process.processTicksAndRejections (node:internal/process/task_queues:95:5)\n    at async file:///Users/kennyjohnson/Panoramic/projects/js-gitlab-suggester/server.js:306:31","timestamp":"2024-11-20T19:04:15.664Z"}
{"level":"info","message":"Successfully authenticated with GitLab API","timestamp":"2024-11-20T19:05:04.713Z"}
{"level":"info","message":"Server running on http://localhost:3000","timestamp":"2024-11-20T19:05:04.717Z"}
{"level":"info","message":"Successfully authenticated with GitLab API","timestamp":"2024-11-20T19:05:09.224Z"}
{"level":"info","message":"Server running on http://localhost:3000","timestamp":"2024-11-20T19:05:09.232Z"}
{"level":"info","message":"Successfully authenticated with GitLab API","timestamp":"2024-11-20T19:05:16.852Z"}
{"level":"info","message":"Server running on http://localhost:3000","timestamp":"2024-11-20T19:05:16.855Z"}
{"level":"info","message":"Successfully authenticated with GitLab API","timestamp":"2024-11-20T19:05:21.085Z"}
{"level":"info","message":"Server running on http://localhost:3000","timestamp":"2024-11-20T19:05:21.088Z"}
{"level":"info","message":"Successfully authenticated with GitLab API","timestamp":"2024-11-20T19:06:24.014Z"}
{"level":"info","message":"Server running on http://localhost:3000","timestamp":"2024-11-20T19:06:24.023Z"}
{"level":"info","message":"Successfully authenticated with GitLab API","timestamp":"2024-11-20T19:09:21.901Z"}
{"level":"info","message":"Server running on http://localhost:3000","timestamp":"2024-11-20T19:09:21.907Z"}
{"level":"info","message":"Successfully authenticated with GitLab API","timestamp":"2024-11-20T19:09:30.655Z"}
{"level":"info","message":"Server running on http://localhost:3000","timestamp":"2024-11-20T19:09:30.661Z"}
{"level":"info","message":"Successfully authenticated with GitLab API","timestamp":"2024-11-20T19:09:47.077Z"}
{"level":"info","message":"Server running on http://localhost:3000","timestamp":"2024-11-20T19:09:47.081Z"}
{"level":"info","message":"Successfully authenticated with GitLab API","timestamp":"2024-11-20T19:10:47.004Z"}
{"level":"info","message":"Server running on http://localhost:3000","timestamp":"2024-11-20T19:10:47.007Z"}
{"level":"info","message":"Successfully authenticated with GitLab API","timestamp":"2024-11-20T19:10:57.702Z"}
{"level":"info","message":"Server running on http://localhost:3000","timestamp":"2024-11-20T19:10:57.712Z"}
{"level":"info","message":"Successfully authenticated with GitLab API","timestamp":"2024-11-20T19:11:24.222Z"}
{"level":"info","message":"Server running on http://localhost:3000","timestamp":"2024-11-20T19:11:24.226Z"}
{"level":"info","message":"Successfully authenticated with GitLab API","timestamp":"2024-11-20T19:12:25.669Z"}
{"level":"info","message":"Server running on http://localhost:3000","timestamp":"2024-11-20T19:12:25.681Z"}
{"level":"info","message":"Fetching issues for user","timestamp":"2024-11-20T19:12:47.354Z","username":"kjohnson"}
{"level":"info","message":"Fetching issues for user","timestamp":"2024-11-20T19:12:47.355Z","username":"kjohnson"}
{"count":10,"level":"info","message":"Successfully fetched issues","timestamp":"2024-11-20T19:12:47.809Z"}
{"issueId":"4453","level":"error","message":"Missing required parameters","timestamp":"2024-11-20T19:12:51.913Z"}
{"level":"info","message":"Successfully authenticated with GitLab API","timestamp":"2024-11-20T19:13:25.193Z"}
{"level":"info","message":"Server running on http://localhost:3000","timestamp":"2024-11-20T19:13:25.196Z"}
{"level":"info","message":"Fetching issues for user","timestamp":"2024-11-20T19:13:37.362Z","username":"kjohnson"}
{"level":"info","message":"Fetching issues for user","timestamp":"2024-11-20T19:13:37.362Z","username":"kjohnson"}
{"count":10,"level":"info","message":"Successfully fetched issues","timestamp":"2024-11-20T19:13:38.097Z"}
{"level":"info","message":"Successfully authenticated with GitLab API","timestamp":"2024-11-20T19:15:56.696Z"}
{"level":"info","message":"Server running on http://localhost:3000","timestamp":"2024-11-20T19:15:56.700Z"}
{"level":"info","message":"Successfully authenticated with GitLab API","timestamp":"2024-11-20T19:16:03.828Z"}
{"level":"info","message":"Server running on http://localhost:3000","timestamp":"2024-11-20T19:16:03.845Z"}
{"level":"info","message":"Successfully authenticated with GitLab API","timestamp":"2024-11-20T19:16:53.354Z"}
{"level":"info","message":"Server running on http://localhost:3000","timestamp":"2024-11-20T19:16:53.357Z"}
{"level":"info","message":"Successfully authenticated with GitLab API","timestamp":"2024-11-20T19:16:59.034Z"}
{"level":"info","message":"Server running on http://localhost:3000","timestamp":"2024-11-20T19:16:59.038Z"}
{"level":"info","message":"Successfully authenticated with GitLab API","timestamp":"2024-11-20T19:17:16.199Z"}
{"level":"info","message":"Server running on http://localhost:3000","timestamp":"2024-11-20T19:17:16.202Z"}
{"level":"info","message":"Successfully authenticated with GitLab API","timestamp":"2024-11-20T19:17:37.689Z"}
{"level":"info","message":"Server running on http://localhost:3000","timestamp":"2024-11-20T19:17:37.692Z"}
{"level":"info","message":"Successfully authenticated with GitLab API","timestamp":"2024-11-20T19:18:17.668Z"}
{"level":"info","message":"Server running on http://localhost:3000","timestamp":"2024-11-20T19:18:17.671Z"}
{"level":"info","message":"Fetching issues for user","timestamp":"2024-11-20T19:18:23.167Z","username":"kjohnson"}
{"level":"info","message":"Fetching issues for user","timestamp":"2024-11-20T19:18:23.168Z","username":"kjohnson"}
{"count":10,"level":"info","message":"Successfully fetched issues","rateLimit":{"limit":"N/A","remaining":"N/A","resetTime":"N/A"},"timestamp":"2024-11-20T19:18:23.987Z"}
{"level":"info","message":"Successfully authenticated with GitLab API","timestamp":"2024-11-20T19:18:59.100Z"}
{"level":"info","message":"Server running on http://localhost:3000","timestamp":"2024-11-20T19:18:59.103Z"}
{"level":"info","message":"Fetching issues for user","timestamp":"2024-11-20T19:19:07.918Z","username":"kjohnson"}
{"count":10,"level":"info","message":"Successfully fetched issues","rateLimit":{"limit":"N/A","remaining":"N/A","resetTime":"N/A"},"timestamp":"2024-11-20T19:19:08.381Z"}
{"level":"info","message":"Successfully authenticated with GitLab API","timestamp":"2024-11-20T19:19:13.960Z"}
{"level":"info","message":"Server running on http://localhost:3000","timestamp":"2024-11-20T19:19:13.963Z"}
{"level":"info","message":"Fetching issues for user","timestamp":"2024-11-20T19:19:21.625Z","username":"kjohnson"}
{"count":10,"level":"info","message":"Successfully fetched issues","rateLimit":{"limit":"N/A","remaining":"N/A","resetTime":"N/A"},"timestamp":"2024-11-20T19:19:22.287Z"}
{"level":"info","message":"Successfully authenticated with GitLab API","timestamp":"2024-11-20T19:20:12.328Z"}
{"level":"info","message":"Server running on http://localhost:3000","timestamp":"2024-11-20T19:20:12.333Z"}
{"level":"info","message":"Successfully authenticated with GitLab API","timestamp":"2024-11-20T19:20:19.131Z"}
{"level":"info","message":"Server running on http://localhost:3000","timestamp":"2024-11-20T19:20:19.134Z"}
{"level":"info","message":"Fetching issues for user","timestamp":"2024-11-20T19:20:23.626Z","username":"kjohnson"}
{"count":10,"level":"info","message":"Successfully fetched issues","rateLimit":{"limit":"N/A","remaining":"N/A","resetTime":"N/A"},"timestamp":"2024-11-20T19:20:23.946Z"}
{"level":"info","message":"Fetching issues for user","timestamp":"2024-11-20T19:20:29.717Z","username":"kjohnson"}
{"count":10,"level":"info","message":"Successfully fetched issues","rateLimit":{"limit":"N/A","remaining":"N/A","resetTime":"N/A"},"timestamp":"2024-11-20T19:20:30.488Z"}
{"level":"info","message":"Successfully authenticated with GitLab API","timestamp":"2024-11-20T19:21:49.408Z"}
{"level":"info","message":"Server running on http://localhost:3000","timestamp":"2024-11-20T19:21:49.411Z"}
{"level":"info","message":"Fetching issues for user","timestamp":"2024-11-20T19:21:58.496Z","username":"kjohnson"}
{"count":10,"level":"info","message":"Successfully fetched issues","rateLimit":{"limit":"N/A","remaining":"N/A","resetTime":"N/A"},"timestamp":"2024-11-20T19:21:59.055Z"}
{"level":"info","message":"Successfully authenticated with GitLab API","timestamp":"2024-11-20T19:23:22.056Z"}
{"level":"info","message":"Server running on http://localhost:3000","timestamp":"2024-11-20T19:23:22.059Z"}
{"issueId":"4453","level":"error","message":"Missing required parameters","timestamp":"2024-11-20T19:23:41.764Z"}
{"level":"info","message":"Successfully authenticated with GitLab API","timestamp":"2024-11-20T19:24:28.328Z"}
{"level":"info","message":"Server running on http://localhost:3000","timestamp":"2024-11-20T19:24:28.332Z"}
{"level":"info","message":"Successfully authenticated with GitLab API","timestamp":"2024-11-20T19:24:30.025Z"}
{"level":"info","message":"Server running on http://localhost:3000","timestamp":"2024-11-20T19:24:30.028Z"}
{"level":"info","message":"Successfully authenticated with GitLab API","timestamp":"2024-11-20T19:24:31.247Z"}
{"level":"info","message":"Server running on http://localhost:3000","timestamp":"2024-11-20T19:24:31.252Z"}
{"groupId":8,"level":"info","message":"Starting similar issues search","sourceIssue":{"id":"4453","title":"Client Grid"},"timestamp":"2024-11-20T19:24:34.676Z"}
{"error":"source.split is not a function","level":"error","message":"Error in getSimilarClosedIssues","sourceIssue":{"id":"4453","title":"Client Grid"},"timestamp":"2024-11-20T19:24:35.977Z"}
{"error":"source.split is not a function","issueId":"4453","issueTitle":"Client Grid","level":"error","message":"Error finding similar issues","timestamp":"2024-11-20T19:24:35.977Z"}
{"level":"info","message":"Successfully authenticated with GitLab API","timestamp":"2024-11-20T19:25:21.793Z"}
{"level":"info","message":"Server running on http://localhost:3000","timestamp":"2024-11-20T19:25:21.796Z"}
{"groupId":8,"level":"info","message":"Starting similar issues search","sourceIssue":{"id":"4453","title":"Client Grid"},"timestamp":"2024-11-20T19:25:25.874Z"}
{"level":"info","message":"Fetching issues for user","timestamp":"2024-11-20T19:25:34.447Z","username":"kjohnson"}
{"count":10,"level":"info","message":"Successfully fetched issues","rateLimit":{"limit":"N/A","remaining":"N/A","resetTime":"N/A"},"timestamp":"2024-11-20T19:25:34.922Z"}
{"groupId":8,"level":"info","message":"Starting similar issues search","sourceIssue":{"id":"4453","title":"Client Grid"},"timestamp":"2024-11-20T19:25:36.480Z"}
{"level":"info","message":"Successfully authenticated with GitLab API","timestamp":"2024-11-20T19:27:12.940Z"}
{"level":"info","message":"Server running on http://localhost:3000","timestamp":"2024-11-20T19:27:12.943Z"}
{"level":"info","message":"Successfully authenticated with GitLab API","timestamp":"2024-11-20T19:27:22.067Z"}
{"level":"info","message":"Server running on http://localhost:3000","timestamp":"2024-11-20T19:27:22.071Z"}
{"level":"info","message":"Fetching issues for user","timestamp":"2024-11-20T19:27:45.497Z","username":"kjohnson"}
{"count":10,"level":"info","message":"Successfully fetched issues","rateLimit":{"limit":"N/A","remaining":"N/A","resetTime":"N/A"},"timestamp":"2024-11-20T19:27:46.038Z"}
{"groupId":8,"level":"info","message":"Starting similar issues search","sourceIssue":{"id":"4453","title":"Client Grid"},"timestamp":"2024-11-20T19:27:48.187Z"}
{"error":"Failed to fetch merge requests. Please try again later.","issueId":"4453","issueTitle":"Client Grid","level":"error","message":"Error finding similar issues","timestamp":"2024-11-20T19:27:49.417Z"}
{"level":"info","message":"Successfully authenticated with GitLab API","timestamp":"2024-11-20T19:29:34.692Z"}
{"level":"info","message":"Server running on http://localhost:3000","timestamp":"2024-11-20T19:29:34.695Z"}
{"groupId":8,"level":"info","message":"Starting similar issues search","sourceIssue":{"id":"4453","title":"Client Grid"},"timestamp":"2024-11-20T19:29:40.683Z"}
{"level":"warn","message":"Error fetching MRs for issue 3658 Failed to fetch merge requests. Please try again later.","stack":"Error: Failed to fetch merge requests. Please try again later.\n    at getMergeRequestsForIssue (file:///Users/kennyjohnson/Panoramic/projects/js-gitlab-suggester/server.js:212:15)\n    at process.processTicksAndRejections (node:internal/process/task_queues:95:5)\n    at async file:///Users/kennyjohnson/Panoramic/projects/js-gitlab-suggester/server.js:332:43\n    at async Promise.all (index 0)\n    at async file:///Users/kennyjohnson/Panoramic/projects/js-gitlab-suggester/server.js:329:31","timestamp":"2024-11-20T19:29:42.262Z"}
{"level":"warn","message":"Error fetching MRs for issue 3358 Failed to fetch merge requests. Please try again later.","stack":"Error: Failed to fetch merge requests. Please try again later.\n    at getMergeRequestsForIssue (file:///Users/kennyjohnson/Panoramic/projects/js-gitlab-suggester/server.js:212:15)\n    at process.processTicksAndRejections (node:internal/process/task_queues:95:5)\n    at async file:///Users/kennyjohnson/Panoramic/projects/js-gitlab-suggester/server.js:332:43\n    at async Promise.all (index 1)\n    at async file:///Users/kennyjohnson/Panoramic/projects/js-gitlab-suggester/server.js:329:31","timestamp":"2024-11-20T19:29:42.521Z"}
{"level":"warn","message":"Error fetching MRs for issue 4236 Failed to fetch merge requests. Please try again later.","stack":"Error: Failed to fetch merge requests. Please try again later.\n    at getMergeRequestsForIssue (file:///Users/kennyjohnson/Panoramic/projects/js-gitlab-suggester/server.js:212:15)\n    at process.processTicksAndRejections (node:internal/process/task_queues:95:5)\n    at async file:///Users/kennyjohnson/Panoramic/projects/js-gitlab-suggester/server.js:332:43\n    at async Promise.all (index 3)\n    at async file:///Users/kennyjohnson/Panoramic/projects/js-gitlab-suggester/server.js:329:31","timestamp":"2024-11-20T19:29:42.524Z"}
{"level":"warn","message":"Error fetching MRs for issue 3644 Failed to fetch merge requests. Please try again later.","stack":"Error: Failed to fetch merge requests. Please try again later.\n    at getMergeRequestsForIssue (file:///Users/kennyjohnson/Panoramic/projects/js-gitlab-suggester/server.js:212:15)\n    at process.processTicksAndRejections (node:internal/process/task_queues:95:5)\n    at async file:///Users/kennyjohnson/Panoramic/projects/js-gitlab-suggester/server.js:332:43\n    at async Promise.all (index 4)\n    at async file:///Users/kennyjohnson/Panoramic/projects/js-gitlab-suggester/server.js:329:31","timestamp":"2024-11-20T19:29:42.538Z"}
{"level":"warn","message":"Error fetching MRs for issue 3562 Failed to fetch merge requests. Please try again later.","stack":"Error: Failed to fetch merge requests. Please try again later.\n    at getMergeRequestsForIssue (file:///Users/kennyjohnson/Panoramic/projects/js-gitlab-suggester/server.js:212:15)\n    at process.processTicksAndRejections (node:internal/process/task_queues:95:5)\n    at async file:///Users/kennyjohnson/Panoramic/projects/js-gitlab-suggester/server.js:332:43\n    at async Promise.all (index 9)\n    at async file:///Users/kennyjohnson/Panoramic/projects/js-gitlab-suggester/server.js:329:31","timestamp":"2024-11-20T19:29:42.546Z"}
{"level":"warn","message":"Error fetching MRs for issue 3418 Failed to fetch merge requests. Please try again later.","stack":"Error: Failed to fetch merge requests. Please try again later.\n    at getMergeRequestsForIssue (file:///Users/kennyjohnson/Panoramic/projects/js-gitlab-suggester/server.js:212:15)\n    at process.processTicksAndRejections (node:internal/process/task_queues:95:5)\n    at async file:///Users/kennyjohnson/Panoramic/projects/js-gitlab-suggester/server.js:332:43\n    at async Promise.all (index 6)\n    at async file:///Users/kennyjohnson/Panoramic/projects/js-gitlab-suggester/server.js:329:31","timestamp":"2024-11-20T19:29:42.555Z"}
{"level":"warn","message":"Error fetching MRs for issue 3422 Failed to fetch merge requests. Please try again later.","stack":"Error: Failed to fetch merge requests. Please try again later.\n    at getMergeRequestsForIssue (file:///Users/kennyjohnson/Panoramic/projects/js-gitlab-suggester/server.js:212:15)\n    at process.processTicksAndRejections (node:internal/process/task_queues:95:5)\n    at async file:///Users/kennyjohnson/Panoramic/projects/js-gitlab-suggester/server.js:332:43\n    at async Promise.all (index 7)\n    at async file:///Users/kennyjohnson/Panoramic/projects/js-gitlab-suggester/server.js:329:31","timestamp":"2024-11-20T19:29:42.566Z"}
{"level":"warn","message":"Error fetching MRs for issue 3514 Failed to fetch merge requests. Please try again later.","stack":"Error: Failed to fetch merge requests. Please try again later.\n    at getMergeRequestsForIssue (file:///Users/kennyjohnson/Panoramic/projects/js-gitlab-suggester/server.js:212:15)\n    at process.processTicksAndRejections (node:internal/process/task_queues:95:5)\n    at async file:///Users/kennyjohnson/Panoramic/projects/js-gitlab-suggester/server.js:332:43\n    at async Promise.all (index 2)\n    at async file:///Users/kennyjohnson/Panoramic/projects/js-gitlab-suggester/server.js:329:31","timestamp":"2024-11-20T19:29:42.575Z"}
{"level":"warn","message":"Error fetching MRs for issue 3565 Failed to fetch merge requests. Please try again later.","stack":"Error: Failed to fetch merge requests. Please try again later.\n    at getMergeRequestsForIssue (file:///Users/kennyjohnson/Panoramic/projects/js-gitlab-suggester/server.js:212:15)\n    at process.processTicksAndRejections (node:internal/process/task_queues:95:5)\n    at async file:///Users/kennyjohnson/Panoramic/projects/js-gitlab-suggester/server.js:332:43\n    at async Promise.all (index 5)\n    at async file:///Users/kennyjohnson/Panoramic/projects/js-gitlab-suggester/server.js:329:31","timestamp":"2024-11-20T19:29:42.583Z"}
{"level":"warn","message":"Error fetching MRs for issue 3871 Failed to fetch merge requests. Please try again later.","stack":"Error: Failed to fetch merge requests. Please try again later.\n    at getMergeRequestsForIssue (file:///Users/kennyjohnson/Panoramic/projects/js-gitlab-suggester/server.js:212:15)\n    at process.processTicksAndRejections (node:internal/process/task_queues:95:5)\n    at async file:///Users/kennyjohnson/Panoramic/projects/js-gitlab-suggester/server.js:332:43\n    at async Promise.all (index 8)\n    at async file:///Users/kennyjohnson/Panoramic/projects/js-gitlab-suggester/server.js:329:31","timestamp":"2024-11-20T19:29:42.592Z"}
{"level":"info","message":"Fetching issues for user","timestamp":"2024-11-20T19:29:51.087Z","username":"kjohnson"}
{"count":10,"level":"info","message":"Successfully fetched issues","rateLimit":{"limit":"N/A","remaining":"N/A","resetTime":"N/A"},"timestamp":"2024-11-20T19:29:51.576Z"}
{"groupId":8,"level":"info","message":"Starting similar issues search","sourceIssue":{"id":"4453","title":"Client Grid"},"timestamp":"2024-11-20T19:29:52.989Z"}
{"level":"warn","message":"Error fetching MRs for issue 3658 Failed to fetch merge requests. Please try again later.","stack":"Error: Failed to fetch merge requests. Please try again later.\n    at getMergeRequestsForIssue (file:///Users/kennyjohnson/Panoramic/projects/js-gitlab-suggester/server.js:212:15)\n    at process.processTicksAndRejections (node:internal/process/task_queues:95:5)\n    at async file:///Users/kennyjohnson/Panoramic/projects/js-gitlab-suggester/server.js:332:43\n    at async Promise.all (index 0)\n    at async file:///Users/kennyjohnson/Panoramic/projects/js-gitlab-suggester/server.js:329:31","timestamp":"2024-11-20T19:29:54.511Z"}
{"level":"warn","message":"Error fetching MRs for issue 3644 Failed to fetch merge requests. Please try again later.","stack":"Error: Failed to fetch merge requests. Please try again later.\n    at getMergeRequestsForIssue (file:///Users/kennyjohnson/Panoramic/projects/js-gitlab-suggester/server.js:212:15)\n    at process.processTicksAndRejections (node:internal/process/task_queues:95:5)\n    at async file:///Users/kennyjohnson/Panoramic/projects/js-gitlab-suggester/server.js:332:43\n    at async Promise.all (index 4)\n    at async file:///Users/kennyjohnson/Panoramic/projects/js-gitlab-suggester/server.js:329:31","timestamp":"2024-11-20T19:29:54.734Z"}
{"level":"warn","message":"Error fetching MRs for issue 3514 Failed to fetch merge requests. Please try again later.","stack":"Error: Failed to fetch merge requests. Please try again later.\n    at getMergeRequestsForIssue (file:///Users/kennyjohnson/Panoramic/projects/js-gitlab-suggester/server.js:212:15)\n    at process.processTicksAndRejections (node:internal/process/task_queues:95:5)\n    at async file:///Users/kennyjohnson/Panoramic/projects/js-gitlab-suggester/server.js:332:43\n    at async Promise.all (index 2)\n    at async file:///Users/kennyjohnson/Panoramic/projects/js-gitlab-suggester/server.js:329:31","timestamp":"2024-11-20T19:29:54.742Z"}
{"level":"warn","message":"Error fetching MRs for issue 3565 Failed to fetch merge requests. Please try again later.","stack":"Error: Failed to fetch merge requests. Please try again later.\n    at getMergeRequestsForIssue (file:///Users/kennyjohnson/Panoramic/projects/js-gitlab-suggester/server.js:212:15)\n    at process.processTicksAndRejections (node:internal/process/task_queues:95:5)\n    at async file:///Users/kennyjohnson/Panoramic/projects/js-gitlab-suggester/server.js:332:43\n    at async Promise.all (index 5)\n    at async file:///Users/kennyjohnson/Panoramic/projects/js-gitlab-suggester/server.js:329:31","timestamp":"2024-11-20T19:29:54.751Z"}
{"level":"warn","message":"Error fetching MRs for issue 3422 Failed to fetch merge requests. Please try again later.","stack":"Error: Failed to fetch merge requests. Please try again later.\n    at getMergeRequestsForIssue (file:///Users/kennyjohnson/Panoramic/projects/js-gitlab-suggester/server.js:212:15)\n    at process.processTicksAndRejections (node:internal/process/task_queues:95:5)\n    at async file:///Users/kennyjohnson/Panoramic/projects/js-gitlab-suggester/server.js:332:43\n    at async Promise.all (index 7)\n    at async file:///Users/kennyjohnson/Panoramic/projects/js-gitlab-suggester/server.js:329:31","timestamp":"2024-11-20T19:29:54.757Z"}
{"level":"warn","message":"Error fetching MRs for issue 4236 Failed to fetch merge requests. Please try again later.","stack":"Error: Failed to fetch merge requests. Please try again later.\n    at getMergeRequestsForIssue (file:///Users/kennyjohnson/Panoramic/projects/js-gitlab-suggester/server.js:212:15)\n    at process.processTicksAndRejections (node:internal/process/task_queues:95:5)\n    at async file:///Users/kennyjohnson/Panoramic/projects/js-gitlab-suggester/server.js:332:43\n    at async Promise.all (index 3)\n    at async file:///Users/kennyjohnson/Panoramic/projects/js-gitlab-suggester/server.js:329:31","timestamp":"2024-11-20T19:29:54.759Z"}
{"level":"warn","message":"Error fetching MRs for issue 3358 Failed to fetch merge requests. Please try again later.","stack":"Error: Failed to fetch merge requests. Please try again later.\n    at getMergeRequestsForIssue (file:///Users/kennyjohnson/Panoramic/projects/js-gitlab-suggester/server.js:212:15)\n    at process.processTicksAndRejections (node:internal/process/task_queues:95:5)\n    at async file:///Users/kennyjohnson/Panoramic/projects/js-gitlab-suggester/server.js:332:43\n    at async Promise.all (index 1)\n    at async file:///Users/kennyjohnson/Panoramic/projects/js-gitlab-suggester/server.js:329:31","timestamp":"2024-11-20T19:29:54.767Z"}
{"level":"warn","message":"Error fetching MRs for issue 3418 Failed to fetch merge requests. Please try again later.","stack":"Error: Failed to fetch merge requests. Please try again later.\n    at getMergeRequestsForIssue (file:///Users/kennyjohnson/Panoramic/projects/js-gitlab-suggester/server.js:212:15)\n    at process.processTicksAndRejections (node:internal/process/task_queues:95:5)\n    at async file:///Users/kennyjohnson/Panoramic/projects/js-gitlab-suggester/server.js:332:43\n    at async Promise.all (index 6)\n    at async file:///Users/kennyjohnson/Panoramic/projects/js-gitlab-suggester/server.js:329:31","timestamp":"2024-11-20T19:29:54.772Z"}
{"level":"warn","message":"Error fetching MRs for issue 3562 Failed to fetch merge requests. Please try again later.","stack":"Error: Failed to fetch merge requests. Please try again later.\n    at getMergeRequestsForIssue (file:///Users/kennyjohnson/Panoramic/projects/js-gitlab-suggester/server.js:212:15)\n    at process.processTicksAndRejections (node:internal/process/task_queues:95:5)\n    at async file:///Users/kennyjohnson/Panoramic/projects/js-gitlab-suggester/server.js:332:43\n    at async Promise.all (index 9)\n    at async file:///Users/kennyjohnson/Panoramic/projects/js-gitlab-suggester/server.js:329:31","timestamp":"2024-11-20T19:29:54.780Z"}
{"level":"warn","message":"Error fetching MRs for issue 3871 Failed to fetch merge requests. Please try again later.","stack":"Error: Failed to fetch merge requests. Please try again later.\n    at getMergeRequestsForIssue (file:///Users/kennyjohnson/Panoramic/projects/js-gitlab-suggester/server.js:212:15)\n    at process.processTicksAndRejections (node:internal/process/task_queues:95:5)\n    at async file:///Users/kennyjohnson/Panoramic/projects/js-gitlab-suggester/server.js:332:43\n    at async Promise.all (index 8)\n    at async file:///Users/kennyjohnson/Panoramic/projects/js-gitlab-suggester/server.js:329:31","timestamp":"2024-11-20T19:29:54.787Z"}
{"level":"info","message":"Successfully authenticated with GitLab API","timestamp":"2024-11-20T19:32:39.125Z"}
{"level":"info","message":"Server running on http://localhost:3000","timestamp":"2024-11-20T19:32:39.130Z"}
{"level":"info","message":"Successfully authenticated with GitLab API","timestamp":"2024-11-20T19:32:59.338Z"}
{"level":"info","message":"Server running on http://localhost:3000","timestamp":"2024-11-20T19:32:59.343Z"}
{"level":"info","message":"Fetching issues for user","timestamp":"2024-11-20T19:33:10.690Z","username":"kjohnson"}
{"count":10,"level":"info","message":"Successfully fetched issues","rateLimit":{"limit":"N/A","remaining":"N/A","resetTime":"N/A"},"timestamp":"2024-11-20T19:33:11.141Z"}
{"groupId":8,"level":"info","message":"Starting similar issues search","sourceIssue":{"id":"4453","title":"Client Grid"},"timestamp":"2024-11-20T19:33:12.873Z"}
{"level":"warn","message":"Error analyzing MRs for issue 3658 Failed to fetch merge requests. Please try again later.","stack":"Error: Failed to fetch merge requests. Please try again later.\n    at getMergeRequestsForIssue (file:///Users/kennyjohnson/Panoramic/projects/js-gitlab-suggester/server.js:212:15)\n    at process.processTicksAndRejections (node:internal/process/task_queues:95:5)\n    at async file:///Users/kennyjohnson/Panoramic/projects/js-gitlab-suggester/server.js:332:43\n    at async Promise.all (index 0)\n    at async file:///Users/kennyjohnson/Panoramic/projects/js-gitlab-suggester/server.js:329:32","timestamp":"2024-11-20T19:33:14.497Z"}
{"level":"warn","message":"Error analyzing MRs for issue 3871 Failed to fetch merge requests. Please try again later.","stack":"Error: Failed to fetch merge requests. Please try again later.\n    at getMergeRequestsForIssue (file:///Users/kennyjohnson/Panoramic/projects/js-gitlab-suggester/server.js:212:15)\n    at process.processTicksAndRejections (node:internal/process/task_queues:95:5)\n    at async file:///Users/kennyjohnson/Panoramic/projects/js-gitlab-suggester/server.js:332:43\n    at async Promise.all (index 8)\n    at async file:///Users/kennyjohnson/Panoramic/projects/js-gitlab-suggester/server.js:329:32","timestamp":"2024-11-20T19:33:14.720Z"}
{"level":"warn","message":"Error analyzing MRs for issue 4236 Failed to fetch merge requests. Please try again later.","stack":"Error: Failed to fetch merge requests. Please try again later.\n    at getMergeRequestsForIssue (file:///Users/kennyjohnson/Panoramic/projects/js-gitlab-suggester/server.js:212:15)\n    at process.processTicksAndRejections (node:internal/process/task_queues:95:5)\n    at async file:///Users/kennyjohnson/Panoramic/projects/js-gitlab-suggester/server.js:332:43\n    at async Promise.all (index 3)\n    at async file:///Users/kennyjohnson/Panoramic/projects/js-gitlab-suggester/server.js:329:32","timestamp":"2024-11-20T19:33:14.730Z"}
{"level":"warn","message":"Error analyzing MRs for issue 3514 Failed to fetch merge requests. Please try again later.","stack":"Error: Failed to fetch merge requests. Please try again later.\n    at getMergeRequestsForIssue (file:///Users/kennyjohnson/Panoramic/projects/js-gitlab-suggester/server.js:212:15)\n    at process.processTicksAndRejections (node:internal/process/task_queues:95:5)\n    at async file:///Users/kennyjohnson/Panoramic/projects/js-gitlab-suggester/server.js:332:43\n    at async Promise.all (index 2)\n    at async file:///Users/kennyjohnson/Panoramic/projects/js-gitlab-suggester/server.js:329:32","timestamp":"2024-11-20T19:33:14.737Z"}
{"level":"warn","message":"Error analyzing MRs for issue 3565 Failed to fetch merge requests. Please try again later.","stack":"Error: Failed to fetch merge requests. Please try again later.\n    at getMergeRequestsForIssue (file:///Users/kennyjohnson/Panoramic/projects/js-gitlab-suggester/server.js:212:15)\n    at process.processTicksAndRejections (node:internal/process/task_queues:95:5)\n    at async file:///Users/kennyjohnson/Panoramic/projects/js-gitlab-suggester/server.js:332:43\n    at async Promise.all (index 5)\n    at async file:///Users/kennyjohnson/Panoramic/projects/js-gitlab-suggester/server.js:329:32","timestamp":"2024-11-20T19:33:14.744Z"}
{"level":"warn","message":"Error analyzing MRs for issue 3418 Failed to fetch merge requests. Please try again later.","stack":"Error: Failed to fetch merge requests. Please try again later.\n    at getMergeRequestsForIssue (file:///Users/kennyjohnson/Panoramic/projects/js-gitlab-suggester/server.js:212:15)\n    at process.processTicksAndRejections (node:internal/process/task_queues:95:5)\n    at async file:///Users/kennyjohnson/Panoramic/projects/js-gitlab-suggester/server.js:332:43\n    at async Promise.all (index 6)\n    at async file:///Users/kennyjohnson/Panoramic/projects/js-gitlab-suggester/server.js:329:32","timestamp":"2024-11-20T19:33:14.752Z"}
{"level":"warn","message":"Error analyzing MRs for issue 3358 Failed to fetch merge requests. Please try again later.","stack":"Error: Failed to fetch merge requests. Please try again later.\n    at getMergeRequestsForIssue (file:///Users/kennyjohnson/Panoramic/projects/js-gitlab-suggester/server.js:212:15)\n    at process.processTicksAndRejections (node:internal/process/task_queues:95:5)\n    at async file:///Users/kennyjohnson/Panoramic/projects/js-gitlab-suggester/server.js:332:43\n    at async Promise.all (index 1)\n    at async file:///Users/kennyjohnson/Panoramic/projects/js-gitlab-suggester/server.js:329:32","timestamp":"2024-11-20T19:33:14.758Z"}
{"level":"warn","message":"Error analyzing MRs for issue 3422 Failed to fetch merge requests. Please try again later.","stack":"Error: Failed to fetch merge requests. Please try again later.\n    at getMergeRequestsForIssue (file:///Users/kennyjohnson/Panoramic/projects/js-gitlab-suggester/server.js:212:15)\n    at process.processTicksAndRejections (node:internal/process/task_queues:95:5)\n    at async file:///Users/kennyjohnson/Panoramic/projects/js-gitlab-suggester/server.js:332:43\n    at async Promise.all (index 7)\n    at async file:///Users/kennyjohnson/Panoramic/projects/js-gitlab-suggester/server.js:329:32","timestamp":"2024-11-20T19:33:14.765Z"}
{"level":"warn","message":"Error analyzing MRs for issue 3562 Failed to fetch merge requests. Please try again later.","stack":"Error: Failed to fetch merge requests. Please try again later.\n    at getMergeRequestsForIssue (file:///Users/kennyjohnson/Panoramic/projects/js-gitlab-suggester/server.js:212:15)\n    at process.processTicksAndRejections (node:internal/process/task_queues:95:5)\n    at async file:///Users/kennyjohnson/Panoramic/projects/js-gitlab-suggester/server.js:332:43\n    at async Promise.all (index 9)\n    at async file:///Users/kennyjohnson/Panoramic/projects/js-gitlab-suggester/server.js:329:32","timestamp":"2024-11-20T19:33:14.771Z"}
{"level":"warn","message":"Error analyzing MRs for issue 3644 Failed to fetch merge requests. Please try again later.","stack":"Error: Failed to fetch merge requests. Please try again later.\n    at getMergeRequestsForIssue (file:///Users/kennyjohnson/Panoramic/projects/js-gitlab-suggester/server.js:212:15)\n    at process.processTicksAndRejections (node:internal/process/task_queues:95:5)\n    at async file:///Users/kennyjohnson/Panoramic/projects/js-gitlab-suggester/server.js:332:43\n    at async Promise.all (index 4)\n    at async file:///Users/kennyjohnson/Panoramic/projects/js-gitlab-suggester/server.js:329:32","timestamp":"2024-11-20T19:33:14.777Z"}
{"level":"info","message":"Fetching issues for user","timestamp":"2024-11-20T19:35:38.436Z","username":"kjohnson"}
{"count":10,"level":"info","message":"Successfully fetched issues","rateLimit":{"limit":"N/A","remaining":"N/A","resetTime":"N/A"},"timestamp":"2024-11-20T19:35:39.038Z"}
{"groupId":8,"level":"info","message":"Starting similar issues search","sourceIssue":{"id":"4453","title":"Client Grid"},"timestamp":"2024-11-20T19:35:40.697Z"}
{"level":"warn","message":"Error analyzing MRs for issue 3658 Failed to fetch merge requests. Please try again later.","stack":"Error: Failed to fetch merge requests. Please try again later.\n    at getMergeRequestsForIssue (file:///Users/kennyjohnson/Panoramic/projects/js-gitlab-suggester/server.js:212:15)\n    at process.processTicksAndRejections (node:internal/process/task_queues:95:5)\n    at async file:///Users/kennyjohnson/Panoramic/projects/js-gitlab-suggester/server.js:332:43\n    at async Promise.all (index 0)\n    at async file:///Users/kennyjohnson/Panoramic/projects/js-gitlab-suggester/server.js:329:32","timestamp":"2024-11-20T19:35:42.058Z"}
{"level":"warn","message":"Error analyzing MRs for issue 3358 Failed to fetch merge requests. Please try again later.","stack":"Error: Failed to fetch merge requests. Please try again later.\n    at getMergeRequestsForIssue (file:///Users/kennyjohnson/Panoramic/projects/js-gitlab-suggester/server.js:212:15)\n    at process.processTicksAndRejections (node:internal/process/task_queues:95:5)\n    at async file:///Users/kennyjohnson/Panoramic/projects/js-gitlab-suggester/server.js:332:43\n    at async Promise.all (index 1)\n    at async file:///Users/kennyjohnson/Panoramic/projects/js-gitlab-suggester/server.js:329:32","timestamp":"2024-11-20T19:35:42.390Z"}
{"level":"warn","message":"Error analyzing MRs for issue 3422 Failed to fetch merge requests. Please try again later.","stack":"Error: Failed to fetch merge requests. Please try again later.\n    at getMergeRequestsForIssue (file:///Users/kennyjohnson/Panoramic/projects/js-gitlab-suggester/server.js:212:15)\n    at process.processTicksAndRejections (node:internal/process/task_queues:95:5)\n    at async file:///Users/kennyjohnson/Panoramic/projects/js-gitlab-suggester/server.js:332:43\n    at async Promise.all (index 7)\n    at async file:///Users/kennyjohnson/Panoramic/projects/js-gitlab-suggester/server.js:329:32","timestamp":"2024-11-20T19:35:42.399Z"}
{"level":"warn","message":"Error analyzing MRs for issue 3565 Failed to fetch merge requests. Please try again later.","stack":"Error: Failed to fetch merge requests. Please try again later.\n    at getMergeRequestsForIssue (file:///Users/kennyjohnson/Panoramic/projects/js-gitlab-suggester/server.js:212:15)\n    at process.processTicksAndRejections (node:internal/process/task_queues:95:5)\n    at async file:///Users/kennyjohnson/Panoramic/projects/js-gitlab-suggester/server.js:332:43\n    at async Promise.all (index 5)\n    at async file:///Users/kennyjohnson/Panoramic/projects/js-gitlab-suggester/server.js:329:32","timestamp":"2024-11-20T19:35:42.408Z"}
{"level":"warn","message":"Error analyzing MRs for issue 3514 Failed to fetch merge requests. Please try again later.","stack":"Error: Failed to fetch merge requests. Please try again later.\n    at getMergeRequestsForIssue (file:///Users/kennyjohnson/Panoramic/projects/js-gitlab-suggester/server.js:212:15)\n    at process.processTicksAndRejections (node:internal/process/task_queues:95:5)\n    at async file:///Users/kennyjohnson/Panoramic/projects/js-gitlab-suggester/server.js:332:43\n    at async Promise.all (index 2)\n    at async file:///Users/kennyjohnson/Panoramic/projects/js-gitlab-suggester/server.js:329:32","timestamp":"2024-11-20T19:35:42.416Z"}
{"level":"warn","message":"Error analyzing MRs for issue 4236 Failed to fetch merge requests. Please try again later.","stack":"Error: Failed to fetch merge requests. Please try again later.\n    at getMergeRequestsForIssue (file:///Users/kennyjohnson/Panoramic/projects/js-gitlab-suggester/server.js:212:15)\n    at process.processTicksAndRejections (node:internal/process/task_queues:95:5)\n    at async file:///Users/kennyjohnson/Panoramic/projects/js-gitlab-suggester/server.js:332:43\n    at async Promise.all (index 3)\n    at async file:///Users/kennyjohnson/Panoramic/projects/js-gitlab-suggester/server.js:329:32","timestamp":"2024-11-20T19:35:42.420Z"}
{"level":"warn","message":"Error analyzing MRs for issue 3418 Failed to fetch merge requests. Please try again later.","stack":"Error: Failed to fetch merge requests. Please try again later.\n    at getMergeRequestsForIssue (file:///Users/kennyjohnson/Panoramic/projects/js-gitlab-suggester/server.js:212:15)\n    at process.processTicksAndRejections (node:internal/process/task_queues:95:5)\n    at async file:///Users/kennyjohnson/Panoramic/projects/js-gitlab-suggester/server.js:332:43\n    at async Promise.all (index 6)\n    at async file:///Users/kennyjohnson/Panoramic/projects/js-gitlab-suggester/server.js:329:32","timestamp":"2024-11-20T19:35:42.435Z"}
{"level":"warn","message":"Error analyzing MRs for issue 3562 Failed to fetch merge requests. Please try again later.","stack":"Error: Failed to fetch merge requests. Please try again later.\n    at getMergeRequestsForIssue (file:///Users/kennyjohnson/Panoramic/projects/js-gitlab-suggester/server.js:212:15)\n    at process.processTicksAndRejections (node:internal/process/task_queues:95:5)\n    at async file:///Users/kennyjohnson/Panoramic/projects/js-gitlab-suggester/server.js:332:43\n    at async Promise.all (index 9)\n    at async file:///Users/kennyjohnson/Panoramic/projects/js-gitlab-suggester/server.js:329:32","timestamp":"2024-11-20T19:35:42.490Z"}
{"level":"warn","message":"Error analyzing MRs for issue 3871 Failed to fetch merge requests. Please try again later.","stack":"Error: Failed to fetch merge requests. Please try again later.\n    at getMergeRequestsForIssue (file:///Users/kennyjohnson/Panoramic/projects/js-gitlab-suggester/server.js:212:15)\n    at process.processTicksAndRejections (node:internal/process/task_queues:95:5)\n    at async file:///Users/kennyjohnson/Panoramic/projects/js-gitlab-suggester/server.js:332:43\n    at async Promise.all (index 8)\n    at async file:///Users/kennyjohnson/Panoramic/projects/js-gitlab-suggester/server.js:329:32","timestamp":"2024-11-20T19:35:42.493Z"}
{"level":"warn","message":"Error analyzing MRs for issue 3644 Failed to fetch merge requests. Please try again later.","stack":"Error: Failed to fetch merge requests. Please try again later.\n    at getMergeRequestsForIssue (file:///Users/kennyjohnson/Panoramic/projects/js-gitlab-suggester/server.js:212:15)\n    at process.processTicksAndRejections (node:internal/process/task_queues:95:5)\n    at async file:///Users/kennyjohnson/Panoramic/projects/js-gitlab-suggester/server.js:332:43\n    at async Promise.all (index 4)\n    at async file:///Users/kennyjohnson/Panoramic/projects/js-gitlab-suggester/server.js:329:32","timestamp":"2024-11-20T19:35:42.502Z"}
{"level":"info","message":"Successfully authenticated with GitLab API","timestamp":"2024-11-20T19:38:25.777Z"}
{"level":"info","message":"Server running on http://localhost:3000","timestamp":"2024-11-20T19:38:25.780Z"}
{"level":"info","message":"Fetching issues for user","timestamp":"2024-11-20T19:38:32.710Z","username":"kjohnson"}
{"count":10,"level":"info","message":"Successfully fetched issues","rateLimit":{"limit":"N/A","remaining":"N/A","resetTime":"N/A"},"timestamp":"2024-11-20T19:38:34.170Z"}
{"groupId":8,"level":"info","message":"Starting similar issues search","sourceIssue":{"id":"4453","title":"Client Grid"},"timestamp":"2024-11-20T19:38:36.068Z"}
{"level":"warn","message":"Error analyzing MRs for issue 3658 Failed to fetch merge requests. Please try again later.","stack":"Error: Failed to fetch merge requests. Please try again later.\n    at getMergeRequestsForIssue (file:///Users/kennyjohnson/Panoramic/projects/js-gitlab-suggester/server.js:212:15)\n    at process.processTicksAndRejections (node:internal/process/task_queues:95:5)\n    at async file:///Users/kennyjohnson/Panoramic/projects/js-gitlab-suggester/server.js:332:43\n    at async Promise.all (index 0)\n    at async file:///Users/kennyjohnson/Panoramic/projects/js-gitlab-suggester/server.js:329:32","timestamp":"2024-11-20T19:38:37.835Z"}
{"level":"warn","message":"Error analyzing MRs for issue 3422 Failed to fetch merge requests. Please try again later.","stack":"Error: Failed to fetch merge requests. Please try again later.\n    at getMergeRequestsForIssue (file:///Users/kennyjohnson/Panoramic/projects/js-gitlab-suggester/server.js:212:15)\n    at process.processTicksAndRejections (node:internal/process/task_queues:95:5)\n    at async file:///Users/kennyjohnson/Panoramic/projects/js-gitlab-suggester/server.js:332:43\n    at async Promise.all (index 7)\n    at async file:///Users/kennyjohnson/Panoramic/projects/js-gitlab-suggester/server.js:329:32","timestamp":"2024-11-20T19:38:38.045Z"}
{"level":"warn","message":"Error analyzing MRs for issue 3514 Failed to fetch merge requests. Please try again later.","stack":"Error: Failed to fetch merge requests. Please try again later.\n    at getMergeRequestsForIssue (file:///Users/kennyjohnson/Panoramic/projects/js-gitlab-suggester/server.js:212:15)\n    at process.processTicksAndRejections (node:internal/process/task_queues:95:5)\n    at async file:///Users/kennyjohnson/Panoramic/projects/js-gitlab-suggester/server.js:332:43\n    at async Promise.all (index 2)\n    at async file:///Users/kennyjohnson/Panoramic/projects/js-gitlab-suggester/server.js:329:32","timestamp":"2024-11-20T19:38:38.053Z"}
{"level":"warn","message":"Error analyzing MRs for issue 3871 Failed to fetch merge requests. Please try again later.","stack":"Error: Failed to fetch merge requests. Please try again later.\n    at getMergeRequestsForIssue (file:///Users/kennyjohnson/Panoramic/projects/js-gitlab-suggester/server.js:212:15)\n    at process.processTicksAndRejections (node:internal/process/task_queues:95:5)\n    at async file:///Users/kennyjohnson/Panoramic/projects/js-gitlab-suggester/server.js:332:43\n    at async Promise.all (index 8)\n    at async file:///Users/kennyjohnson/Panoramic/projects/js-gitlab-suggester/server.js:329:32","timestamp":"2024-11-20T19:38:38.187Z"}
{"level":"warn","message":"Error analyzing MRs for issue 3358 Failed to fetch merge requests. Please try again later.","stack":"Error: Failed to fetch merge requests. Please try again later.\n    at getMergeRequestsForIssue (file:///Users/kennyjohnson/Panoramic/projects/js-gitlab-suggester/server.js:212:15)\n    at process.processTicksAndRejections (node:internal/process/task_queues:95:5)\n    at async file:///Users/kennyjohnson/Panoramic/projects/js-gitlab-suggester/server.js:332:43\n    at async Promise.all (index 1)\n    at async file:///Users/kennyjohnson/Panoramic/projects/js-gitlab-suggester/server.js:329:32","timestamp":"2024-11-20T19:38:38.209Z"}
{"level":"warn","message":"Error analyzing MRs for issue 3418 Failed to fetch merge requests. Please try again later.","stack":"Error: Failed to fetch merge requests. Please try again later.\n    at getMergeRequestsForIssue (file:///Users/kennyjohnson/Panoramic/projects/js-gitlab-suggester/server.js:212:15)\n    at process.processTicksAndRejections (node:internal/process/task_queues:95:5)\n    at async file:///Users/kennyjohnson/Panoramic/projects/js-gitlab-suggester/server.js:332:43\n    at async Promise.all (index 6)\n    at async file:///Users/kennyjohnson/Panoramic/projects/js-gitlab-suggester/server.js:329:32","timestamp":"2024-11-20T19:38:38.217Z"}
{"level":"warn","message":"Error analyzing MRs for issue 4236 Failed to fetch merge requests. Please try again later.","stack":"Error: Failed to fetch merge requests. Please try again later.\n    at getMergeRequestsForIssue (file:///Users/kennyjohnson/Panoramic/projects/js-gitlab-suggester/server.js:212:15)\n    at process.processTicksAndRejections (node:internal/process/task_queues:95:5)\n    at async file:///Users/kennyjohnson/Panoramic/projects/js-gitlab-suggester/server.js:332:43\n    at async Promise.all (index 3)\n    at async file:///Users/kennyjohnson/Panoramic/projects/js-gitlab-suggester/server.js:329:32","timestamp":"2024-11-20T19:38:38.224Z"}
{"level":"warn","message":"Error analyzing MRs for issue 3644 Failed to fetch merge requests. Please try again later.","stack":"Error: Failed to fetch merge requests. Please try again later.\n    at getMergeRequestsForIssue (file:///Users/kennyjohnson/Panoramic/projects/js-gitlab-suggester/server.js:212:15)\n    at process.processTicksAndRejections (node:internal/process/task_queues:95:5)\n    at async file:///Users/kennyjohnson/Panoramic/projects/js-gitlab-suggester/server.js:332:43\n    at async Promise.all (index 4)\n    at async file:///Users/kennyjohnson/Panoramic/projects/js-gitlab-suggester/server.js:329:32","timestamp":"2024-11-20T19:38:38.231Z"}
{"level":"warn","message":"Error analyzing MRs for issue 3562 Failed to fetch merge requests. Please try again later.","stack":"Error: Failed to fetch merge requests. Please try again later.\n    at getMergeRequestsForIssue (file:///Users/kennyjohnson/Panoramic/projects/js-gitlab-suggester/server.js:212:15)\n    at process.processTicksAndRejections (node:internal/process/task_queues:95:5)\n    at async file:///Users/kennyjohnson/Panoramic/projects/js-gitlab-suggester/server.js:332:43\n    at async Promise.all (index 9)\n    at async file:///Users/kennyjohnson/Panoramic/projects/js-gitlab-suggester/server.js:329:32","timestamp":"2024-11-20T19:38:38.239Z"}
{"level":"warn","message":"Error analyzing MRs for issue 3565 Failed to fetch merge requests. Please try again later.","stack":"Error: Failed to fetch merge requests. Please try again later.\n    at getMergeRequestsForIssue (file:///Users/kennyjohnson/Panoramic/projects/js-gitlab-suggester/server.js:212:15)\n    at process.processTicksAndRejections (node:internal/process/task_queues:95:5)\n    at async file:///Users/kennyjohnson/Panoramic/projects/js-gitlab-suggester/server.js:332:43\n    at async Promise.all (index 5)\n    at async file:///Users/kennyjohnson/Panoramic/projects/js-gitlab-suggester/server.js:329:32","timestamp":"2024-11-20T19:38:38.246Z"}
{"level":"info","message":"Successfully authenticated with GitLab API","timestamp":"2024-11-20T19:40:08.860Z"}
{"level":"info","message":"Server running on http://localhost:3000","timestamp":"2024-11-20T19:40:08.865Z"}
{"level":"info","message":"Successfully authenticated with GitLab API","timestamp":"2024-11-20T19:40:45.291Z"}
{"level":"info","message":"Server running on http://localhost:3000","timestamp":"2024-11-20T19:40:45.296Z"}
{"level":"info","message":"Fetching issues for user","timestamp":"2024-11-20T19:40:49.699Z","username":"kjohnson"}
{"count":10,"level":"info","message":"Successfully fetched issues","rateLimit":{"limit":"N/A","remaining":"N/A","resetTime":"N/A"},"timestamp":"2024-11-20T19:40:50.072Z"}
{"groupId":8,"level":"info","message":"Starting similar issues search","sourceIssue":{"id":"4453","title":"Client Grid"},"timestamp":"2024-11-20T19:40:51.753Z"}
{"level":"info","message":"Successfully authenticated with GitLab API","timestamp":"2024-11-20T19:44:29.678Z"}
{"level":"info","message":"Server running on http://localhost:3000","timestamp":"2024-11-20T19:44:29.683Z"}
{"level":"info","message":"Successfully authenticated with GitLab API","timestamp":"2024-11-20T19:44:38.115Z"}
{"level":"info","message":"Server running on http://localhost:3000","timestamp":"2024-11-20T19:44:38.119Z"}
{"level":"info","message":"Fetching issues for user","timestamp":"2024-11-20T19:44:47.585Z","username":"kjohnson"}
{"count":10,"level":"info","message":"Successfully fetched issues","rateLimit":{"limit":"N/A","remaining":"N/A","resetTime":"N/A"},"timestamp":"2024-11-20T19:44:48.167Z"}
{"level":"info","message":"Successfully authenticated with GitLab API","timestamp":"2024-11-20T19:45:52.862Z"}
{"level":"info","message":"Server running on http://localhost:3000","timestamp":"2024-11-20T19:45:52.868Z"}
{"level":"info","message":"Successfully authenticated with GitLab API","timestamp":"2024-11-20T19:46:00.502Z"}
{"level":"info","message":"Server running on http://localhost:3000","timestamp":"2024-11-20T19:46:00.505Z"}
{"level":"info","message":"Fetching issues for user","timestamp":"2024-11-20T19:46:10.831Z","username":"kjohnson"}
{"count":10,"level":"info","message":"Successfully fetched issues","rateLimit":{"limit":"N/A","remaining":"N/A","resetTime":"N/A"},"timestamp":"2024-11-20T19:46:11.408Z"}
{"level":"info","message":"Successfully authenticated with GitLab API","timestamp":"2024-11-20T19:48:30.784Z"}
{"level":"info","message":"Server running on http://localhost:3000","timestamp":"2024-11-20T19:48:30.789Z"}
{"level":"info","message":"Fetching issues for user","timestamp":"2024-11-20T19:48:40.639Z","username":"kjohnson"}
{"count":10,"level":"info","message":"Successfully fetched issues","rateLimit":{"limit":"N/A","remaining":"N/A","resetTime":"N/A"},"timestamp":"2024-11-20T19:48:41.100Z"}
{"level":"info","message":"Successfully authenticated with GitLab API","timestamp":"2024-11-20T19:49:32.299Z"}
{"level":"info","message":"Server running on http://localhost:3000","timestamp":"2024-11-20T19:49:32.303Z"}
{"level":"info","message":"Successfully authenticated with GitLab API","timestamp":"2024-11-20T19:49:38.943Z"}
{"level":"info","message":"Server running on http://localhost:3000","timestamp":"2024-11-20T19:49:38.947Z"}
{"level":"info","message":"Successfully authenticated with GitLab API","timestamp":"2024-11-20T19:50:34.422Z"}
{"level":"info","message":"Server running on http://localhost:3000","timestamp":"2024-11-20T19:50:34.426Z"}
{"level":"info","message":"Successfully authenticated with GitLab API","timestamp":"2024-11-20T19:52:07.894Z"}
{"level":"info","message":"Server running on http://localhost:3000","timestamp":"2024-11-20T19:52:07.904Z"}
{"level":"info","message":"Successfully authenticated with GitLab API","timestamp":"2024-11-20T19:52:34.255Z"}
{"level":"info","message":"Server running on http://localhost:3000","timestamp":"2024-11-20T19:52:34.259Z"}
{"level":"info","message":"Successfully authenticated with GitLab API","timestamp":"2024-11-20T19:52:59.153Z"}
{"level":"info","message":"Server running on http://localhost:3000","timestamp":"2024-11-20T19:52:59.158Z"}
{"level":"info","message":"Successfully authenticated with GitLab API","timestamp":"2024-11-20T19:54:03.281Z"}
{"level":"info","message":"Server running on http://localhost:3000","timestamp":"2024-11-20T19:54:03.285Z"}
{"level":"info","message":"Successfully authenticated with GitLab API","timestamp":"2024-11-20T19:54:09.376Z"}
{"level":"info","message":"Server running on http://localhost:3000","timestamp":"2024-11-20T19:54:09.380Z"}
{"level":"info","message":"Successfully authenticated with GitLab API","timestamp":"2024-11-20T19:54:18.355Z"}
{"level":"info","message":"Server running on http://localhost:3000","timestamp":"2024-11-20T19:54:18.361Z"}
{"level":"info","message":"Successfully authenticated with GitLab API","timestamp":"2024-11-20T19:54:21.532Z"}
{"level":"info","message":"Server running on http://localhost:3000","timestamp":"2024-11-20T19:54:21.537Z"}
{"level":"info","message":"Fetching issues for user","timestamp":"2024-11-20T19:54:31.308Z","username":"kjohnson"}
{"count":10,"level":"info","message":"Successfully fetched issues","rateLimit":{"limit":"10 total","remaining":"100 per request"},"timestamp":"2024-11-20T19:54:31.939Z"}
{"groupId":8,"level":"info","message":"Starting similar issues search","sourceIssue":{"id":"4453"},"timestamp":"2024-11-20T19:54:38.425Z"}
{"error":"Cannot read properties of undefined (reading 'toLowerCase')","level":"error","message":"Error in getSimilarClosedIssues","sourceIssue":{"id":"4453"},"timestamp":"2024-11-20T19:54:38.426Z"}
{"level":"error","message":"Error analyzing issue: Cannot read properties of undefined (reading 'toLowerCase')","stack":"TypeError: Cannot read properties of undefined (reading 'toLowerCase')\n    at preprocessTitle (file:///Users/kennyjohnson/Panoramic/projects/js-gitlab-suggester/server.js:98:29)\n    at getSimilarClosedIssues (file:///Users/kennyjohnson/Panoramic/projects/js-gitlab-suggester/server.js:153:25)\n    at file:///Users/kennyjohnson/Panoramic/projects/js-gitlab-suggester/server.js:562:37\n    at Layer.handle [as handle_request] (/Users/kennyjohnson/Panoramic/projects/js-gitlab-suggester/node_modules/express/lib/router/layer.js:95:5)\n    at next (/Users/kennyjohnson/Panoramic/projects/js-gitlab-suggester/node_modules/express/lib/router/route.js:149:13)\n    at Route.dispatch (/Users/kennyjohnson/Panoramic/projects/js-gitlab-suggester/node_modules/express/lib/router/route.js:119:3)\n    at Layer.handle [as handle_request] (/Users/kennyjohnson/Panoramic/projects/js-gitlab-suggester/node_modules/express/lib/router/layer.js:95:5)\n    at /Users/kennyjohnson/Panoramic/projects/js-gitlab-suggester/node_modules/express/lib/router/index.js:284:15\n    at Function.process_params (/Users/kennyjohnson/Panoramic/projects/js-gitlab-suggester/node_modules/express/lib/router/index.js:346:12)\n    at next (/Users/kennyjohnson/Panoramic/projects/js-gitlab-suggester/node_modules/express/lib/router/index.js:280:10)","timestamp":"2024-11-20T19:54:38.427Z"}
{"level":"info","message":"Successfully authenticated with GitLab API","timestamp":"2024-11-20T19:56:55.187Z"}
{"level":"info","message":"Server running on http://localhost:3000","timestamp":"2024-11-20T19:56:55.192Z"}
{"level":"info","message":"Fetching issues for user","timestamp":"2024-11-20T19:57:04.062Z","username":"kjohnson"}
{"count":10,"level":"info","message":"Successfully fetched issues","rateLimit":{"limit":"10 total","remaining":"100 per request"},"timestamp":"2024-11-20T19:57:04.607Z"}
{"groupId":8,"level":"info","message":"Starting similar issues search","sourceIssue":{"id":"4453"},"timestamp":"2024-11-20T19:57:06.605Z"}
{"error":"Cannot read properties of undefined (reading 'toLowerCase')","level":"error","message":"Error in getSimilarClosedIssues","sourceIssue":{"id":"4453"},"timestamp":"2024-11-20T19:57:06.606Z"}
{"level":"error","message":"Error analyzing issue: Cannot read properties of undefined (reading 'toLowerCase')","stack":"TypeError: Cannot read properties of undefined (reading 'toLowerCase')\n    at preprocessTitle (file:///Users/kennyjohnson/Panoramic/projects/js-gitlab-suggester/server.js:98:29)\n    at getSimilarClosedIssues (file:///Users/kennyjohnson/Panoramic/projects/js-gitlab-suggester/server.js:153:25)\n    at file:///Users/kennyjohnson/Panoramic/projects/js-gitlab-suggester/server.js:562:37\n    at Layer.handle [as handle_request] (/Users/kennyjohnson/Panoramic/projects/js-gitlab-suggester/node_modules/express/lib/router/layer.js:95:5)\n    at next (/Users/kennyjohnson/Panoramic/projects/js-gitlab-suggester/node_modules/express/lib/router/route.js:149:13)\n    at Route.dispatch (/Users/kennyjohnson/Panoramic/projects/js-gitlab-suggester/node_modules/express/lib/router/route.js:119:3)\n    at Layer.handle [as handle_request] (/Users/kennyjohnson/Panoramic/projects/js-gitlab-suggester/node_modules/express/lib/router/layer.js:95:5)\n    at /Users/kennyjohnson/Panoramic/projects/js-gitlab-suggester/node_modules/express/lib/router/index.js:284:15\n    at Function.process_params (/Users/kennyjohnson/Panoramic/projects/js-gitlab-suggester/node_modules/express/lib/router/index.js:346:12)\n    at next (/Users/kennyjohnson/Panoramic/projects/js-gitlab-suggester/node_modules/express/lib/router/index.js:280:10)","timestamp":"2024-11-20T19:57:06.608Z"}
{"level":"info","message":"Successfully authenticated with GitLab API","timestamp":"2024-11-20T19:57:48.133Z"}
{"level":"info","message":"Server running on http://localhost:3000","timestamp":"2024-11-20T19:57:48.139Z"}
{"level":"info","message":"Successfully authenticated with GitLab API","timestamp":"2024-11-20T19:57:55.252Z"}
{"level":"info","message":"Server running on http://localhost:3000","timestamp":"2024-11-20T19:57:55.257Z"}
{"level":"info","message":"Successfully authenticated with GitLab API","timestamp":"2024-11-20T19:58:03.545Z"}
{"level":"info","message":"Server running on http://localhost:3000","timestamp":"2024-11-20T19:58:03.549Z"}
{"level":"info","message":"Fetching issues for user","timestamp":"2024-11-20T19:58:10.744Z","username":"kjohnson"}
{"count":10,"level":"info","message":"Successfully fetched issues","rateLimit":{"limit":"10 total","remaining":"100 per request"},"timestamp":"2024-11-20T19:58:11.489Z"}
{"hasTitle":false,"issueId":"4453","level":"info","message":"Received analyze-issue request","timestamp":"2024-11-20T19:58:12.842Z"}
{"level":"warn","message":"Missing issue title in request","timestamp":"2024-11-20T19:58:12.843Z"}
{"level":"info","message":"Fetching issues for user","timestamp":"2024-11-20T19:59:12.015Z","username":"kjohnson"}
{"count":10,"level":"info","message":"Successfully fetched issues","rateLimit":{"limit":"10 total","remaining":"100 per request"},"timestamp":"2024-11-20T19:59:12.618Z"}
{"hasTitle":true,"issueId":"4453","issueTitle":"Client Grid","level":"info","message":"Received analyze-issue request","timestamp":"2024-11-20T19:59:13.913Z"}
{"groupId":8,"hasTitle":true,"level":"info","message":"Starting similar issues search","sourceIssue":"{\"id\":\"4453\",\"title\":\"Client Grid\"}","timestamp":"2024-11-20T19:59:13.914Z"}
{"level":"info","message":"Successfully authenticated with GitLab API","timestamp":"2024-11-20T20:02:03.675Z"}
{"level":"info","message":"Server running on http://localhost:3000","timestamp":"2024-11-20T20:02:03.679Z"}
{"level":"info","message":"Fetching issues for user","timestamp":"2024-11-20T20:02:07.235Z","username":"kjohnson"}
{"count":10,"level":"info","message":"Successfully fetched issues","rateLimit":{"limit":"10 total","remaining":"100 per request"},"timestamp":"2024-11-20T20:02:07.748Z"}
{"hasTitle":true,"issueId":"4453","issueTitle":"Client Grid","level":"info","message":"Received analyze-issue request","timestamp":"2024-11-20T20:02:09.057Z"}
{"groupId":8,"hasTitle":true,"level":"info","message":"Starting similar issues search","sourceIssue":"{\"id\":\"4453\",\"title\":\"Client Grid\"}","timestamp":"2024-11-20T20:02:09.059Z"}
{"level":"info","message":"Successfully authenticated with GitLab API","timestamp":"2024-11-20T20:03:23.937Z"}
{"level":"info","message":"Server running on http://localhost:3000","timestamp":"2024-11-20T20:03:23.941Z"}
{"level":"info","message":"Fetching issues for user","timestamp":"2024-11-20T20:03:45.786Z","username":"kjohnson"}
{"count":10,"level":"info","message":"Successfully fetched issues","rateLimit":{"limit":"10 total","remaining":"100 per request"},"timestamp":"2024-11-20T20:03:46.396Z"}
{"hasTitle":true,"issueId":"4453","issueTitle":"Client Grid","level":"info","message":"Received analyze-issue request","timestamp":"2024-11-20T20:03:47.678Z"}
{"groupId":8,"hasTitle":true,"level":"info","message":"Starting similar issues search","sourceIssue":"{\"id\":\"4453\",\"title\":\"Client Grid\"}","timestamp":"2024-11-20T20:03:47.679Z"}
{"level":"info","message":"Found 100 potential similar issues","timestamp":"2024-11-20T20:03:49.053Z"}
{"error":"calculateSimilarity is not defined","level":"error","message":"Error in getSimilarClosedIssues","stack":"ReferenceError: calculateSimilarity is not defined\n    at file:///Users/kennyjohnson/Panoramic/projects/js-gitlab-suggester/server.js:188:32\n    at Array.map (<anonymous>)\n    at getSimilarClosedIssues (file:///Users/kennyjohnson/Panoramic/projects/js-gitlab-suggester/server.js:187:44)\n    at process.processTicksAndRejections (node:internal/process/task_queues:95:5)\n    at async file:///Users/kennyjohnson/Panoramic/projects/js-gitlab-suggester/server.js:611:31","timestamp":"2024-11-20T20:03:49.054Z"}
{"error":"calculateSimilarity is not defined","issueId":"4453","issueTitle":"Client Grid","level":"error","message":"Error analyzing issue:","stack":"ReferenceError: calculateSimilarity is not defined\n    at file:///Users/kennyjohnson/Panoramic/projects/js-gitlab-suggester/server.js:188:32\n    at Array.map (<anonymous>)\n    at getSimilarClosedIssues (file:///Users/kennyjohnson/Panoramic/projects/js-gitlab-suggester/server.js:187:44)\n    at process.processTicksAndRejections (node:internal/process/task_queues:95:5)\n    at async file:///Users/kennyjohnson/Panoramic/projects/js-gitlab-suggester/server.js:611:31","timestamp":"2024-11-20T20:03:49.054Z"}
{"level":"info","message":"Successfully authenticated with GitLab API","timestamp":"2024-11-20T20:04:29.315Z"}
{"level":"info","message":"Server running on http://localhost:3000","timestamp":"2024-11-20T20:04:29.320Z"}
{"level":"info","message":"Fetching issues for user","timestamp":"2024-11-20T20:04:36.041Z","username":"kjohnson"}
{"count":10,"level":"info","message":"Successfully fetched issues","rateLimit":{"limit":"10 total","remaining":"100 per request"},"timestamp":"2024-11-20T20:04:37.181Z"}
{"hasTitle":true,"issueId":"4453","issueTitle":"Client Grid","level":"info","message":"Received analyze-issue request","timestamp":"2024-11-20T20:04:38.600Z"}
{"groupId":8,"hasTitle":true,"level":"info","message":"Starting similar issues search","sourceIssue":"{\"id\":\"4453\",\"title\":\"Client Grid\"}","timestamp":"2024-11-20T20:04:38.601Z"}
{"level":"info","message":"Found 100 potential similar issues","timestamp":"2024-11-20T20:04:40.483Z"}
{"bottomScore":"0%","level":"info","message":"Completed similarity calculations","timestamp":"2024-11-20T20:04:40.510Z","topScore":"69%","totalIssues":100}
{"level":"info","message":"Successfully authenticated with GitLab API","timestamp":"2024-11-20T20:07:16.027Z"}
{"level":"info","message":"Server running on http://localhost:3000","timestamp":"2024-11-20T20:07:16.037Z"}
{"level":"info","message":"Successfully authenticated with GitLab API","timestamp":"2024-11-20T20:07:22.924Z"}
{"level":"info","message":"Server running on http://localhost:3000","timestamp":"2024-11-20T20:07:22.928Z"}
{"level":"info","message":"Fetching issues for user","timestamp":"2024-11-20T20:07:32.834Z","username":"kjohnson"}
{"count":10,"level":"info","message":"Successfully fetched issues","rateLimit":{"limit":"10 total","remaining":"100 per request"},"timestamp":"2024-11-20T20:07:33.365Z"}
{"issueId":"4453","issueTitle":"Client Grid","level":"info","message":"Starting issue analysis","threshold":0.4,"timestamp":"2024-11-20T20:07:34.772Z"}
{"groupId":8,"hasTitle":true,"level":"info","message":"Starting similar issues search","sourceIssue":"{\"id\":\"4453\",\"title\":\"Client Grid\"}","timestamp":"2024-11-20T20:07:34.773Z"}
{"level":"info","message":"Found 100 potential similar issues","timestamp":"2024-11-20T20:07:36.170Z"}
{"bottomScore":"0%","level":"info","message":"Completed similarity calculations","timestamp":"2024-11-20T20:07:36.194Z","topScore":"69%","totalIssues":100}
{"filteredIssues":4,"level":"info","message":"Filtered issues by threshold","threshold":"40%","timestamp":"2024-11-20T20:07:36.195Z","totalIssues":100}
{"count":4,"level":"info","message":"Found similar issues","timestamp":"2024-11-20T20:07:36.196Z"}
{"level":"info","message":"Fetching merge requests for similar issues","timestamp":"2024-11-20T20:07:36.196Z"}
{"level":"info","message":"Fetching issues for user","timestamp":"2024-11-20T20:08:28.826Z","username":"kjohnson"}
{"count":10,"level":"info","message":"Successfully fetched issues","rateLimit":{"limit":"10 total","remaining":"100 per request"},"timestamp":"2024-11-20T20:08:29.443Z"}
{"issueId":"4453","issueTitle":"Client Grid","level":"info","message":"Starting issue analysis","threshold":0.4,"timestamp":"2024-11-20T20:08:30.727Z"}
{"groupId":8,"hasTitle":true,"level":"info","message":"Starting similar issues search","sourceIssue":"{\"id\":\"4453\",\"title\":\"Client Grid\"}","timestamp":"2024-11-20T20:08:30.727Z"}
{"level":"info","message":"Found 100 potential similar issues","timestamp":"2024-11-20T20:08:32.206Z"}
{"bottomScore":"0%","level":"info","message":"Completed similarity calculations","timestamp":"2024-11-20T20:08:32.222Z","topScore":"69%","totalIssues":100}
{"filteredIssues":4,"level":"info","message":"Filtered issues by threshold","threshold":"40%","timestamp":"2024-11-20T20:08:32.222Z","totalIssues":100}
{"count":4,"level":"info","message":"Found similar issues","timestamp":"2024-11-20T20:08:32.222Z"}
{"level":"info","message":"Fetching merge requests for similar issues","timestamp":"2024-11-20T20:08:32.223Z"}
{"level":"info","message":"Successfully authenticated with GitLab API","timestamp":"2024-11-20T20:09:27.633Z"}
{"level":"info","message":"Server running on http://localhost:3000","timestamp":"2024-11-20T20:09:27.642Z"}
{"level":"info","message":"Fetching issues for user","timestamp":"2024-11-20T20:09:51.889Z","username":"kjohnson"}
{"count":10,"level":"info","message":"Successfully fetched issues","rateLimit":{"limit":"10 total","remaining":"100 per request"},"timestamp":"2024-11-20T20:09:52.522Z"}
{"issueId":"4452","issueTitle":"z78711 - APS web reporting","level":"info","message":"Starting issue analysis","threshold":0.4,"timestamp":"2024-11-20T20:09:53.909Z"}
{"groupId":8,"hasTitle":true,"level":"info","message":"Starting similar issues search","sourceIssue":"{\"id\":\"4452\",\"title\":\"z78711 - APS web reporting\"}","timestamp":"2024-11-20T20:09:53.910Z"}
{"level":"info","message":"Found 0 potential similar issues","timestamp":"2024-11-20T20:09:54.330Z"}
{"level":"info","message":"Completed similarity calculations","timestamp":"2024-11-20T20:09:54.331Z","totalIssues":0}
{"filteredIssues":0,"level":"info","message":"Filtered issues by threshold","threshold":"40%","timestamp":"2024-11-20T20:09:54.331Z","totalIssues":0}
{"count":0,"level":"info","message":"Found similar issues","timestamp":"2024-11-20T20:09:54.332Z"}
{"level":"info","message":"Fetched merge requests","timestamp":"2024-11-20T20:09:54.332Z","totalCount":0}
{"issueId":"4453","issueTitle":"Client Grid","level":"info","message":"Starting issue analysis","threshold":0.4,"timestamp":"2024-11-20T20:10:00.805Z"}
{"groupId":8,"hasTitle":true,"level":"info","message":"Starting similar issues search","sourceIssue":"{\"id\":\"4453\",\"title\":\"Client Grid\"}","timestamp":"2024-11-20T20:10:00.805Z"}
{"level":"info","message":"Found 100 potential similar issues","timestamp":"2024-11-20T20:10:02.174Z"}
{"bottomScore":"0%","level":"info","message":"Completed similarity calculations","timestamp":"2024-11-20T20:10:02.195Z","topScore":"69%","totalIssues":100}
{"filteredIssues":4,"level":"info","message":"Filtered issues by threshold","threshold":"40%","timestamp":"2024-11-20T20:10:02.195Z","totalIssues":100}
{"count":4,"level":"info","message":"Found similar issues","timestamp":"2024-11-20T20:10:02.195Z"}
{"issueId":58,"level":"info","message":"Fetching merge requests for issue","timestamp":"2024-11-20T20:10:02.196Z"}
{"issueId":15,"level":"info","message":"Fetching merge requests for issue","timestamp":"2024-11-20T20:10:02.198Z"}
{"issueId":28,"level":"info","message":"Fetching merge requests for issue","timestamp":"2024-11-20T20:10:02.200Z"}
{"issueId":125,"level":"info","message":"Fetching merge requests for issue","timestamp":"2024-11-20T20:10:02.207Z"}
{"count":2,"issueId":125,"level":"info","message":"Found merge requests","timestamp":"2024-11-20T20:10:03.273Z"}
{"count":15,"issueId":58,"level":"info","message":"Found merge requests","timestamp":"2024-11-20T20:10:03.275Z"}
{"count":28,"issueId":28,"level":"info","message":"Found merge requests","timestamp":"2024-11-20T20:10:03.975Z"}
{"count":100,"issueId":15,"level":"info","message":"Found merge requests","timestamp":"2024-11-20T20:10:04.636Z"}
{"level":"info","message":"Fetched merge requests","timestamp":"2024-11-20T20:10:04.637Z","totalCount":145}
{"level":"info","message":"Successfully authenticated with GitLab API","timestamp":"2024-11-20T20:11:37.654Z"}
{"level":"info","message":"Server running on http://localhost:3000","timestamp":"2024-11-20T20:11:37.658Z"}
{"level":"info","message":"Fetching issues for user","timestamp":"2024-11-20T20:11:54.107Z","username":"kjohnson"}
{"count":10,"level":"info","message":"Successfully fetched issues","rateLimit":{"limit":"10 total","remaining":"100 per request"},"timestamp":"2024-11-20T20:11:54.678Z"}
{"issueId":"4453","issueTitle":"Client Grid","level":"info","message":"Starting issue analysis","threshold":0.4,"timestamp":"2024-11-20T20:11:56.043Z"}
{"groupId":8,"hasTitle":true,"level":"info","message":"Starting similar issues search","sourceIssue":"{\"id\":\"4453\",\"title\":\"Client Grid\"}","timestamp":"2024-11-20T20:11:56.044Z"}
{"level":"info","message":"Found 100 potential similar issues","timestamp":"2024-11-20T20:11:57.339Z"}
{"bottomScore":"0%","level":"info","message":"Completed similarity calculations","timestamp":"2024-11-20T20:11:57.363Z","topScore":"69%","totalIssues":100}
{"filteredIssues":4,"level":"info","message":"Filtered issues by threshold","threshold":"40%","timestamp":"2024-11-20T20:11:57.364Z","totalIssues":100}
{"count":4,"level":"info","message":"Found similar issues","timestamp":"2024-11-20T20:11:57.374Z"}
{"issueId":58,"level":"info","message":"Fetching merge requests for issue","timestamp":"2024-11-20T20:11:57.375Z"}
{"issueId":15,"level":"info","message":"Fetching merge requests for issue","timestamp":"2024-11-20T20:11:57.376Z"}
{"issueId":28,"level":"info","message":"Fetching merge requests for issue","timestamp":"2024-11-20T20:11:57.378Z"}
{"issueId":125,"level":"info","message":"Fetching merge requests for issue","timestamp":"2024-11-20T20:11:57.385Z"}
{"count":2,"issueId":125,"level":"info","message":"Found merge requests","timestamp":"2024-11-20T20:11:58.474Z"}
{"count":15,"issueId":58,"level":"info","message":"Found merge requests","timestamp":"2024-11-20T20:11:58.476Z"}
{"count":28,"issueId":28,"level":"info","message":"Found merge requests","timestamp":"2024-11-20T20:11:59.482Z"}
{"count":100,"issueId":15,"level":"info","message":"Found merge requests","timestamp":"2024-11-20T20:11:59.834Z"}
{"level":"info","message":"Fetched merge requests","timestamp":"2024-11-20T20:11:59.834Z","totalCount":145}
{"level":"info","mergeRequestCount":145,"message":"Starting merge request analysis","timestamp":"2024-11-20T20:11:59.835Z"}
{"level":"info","message":"Retrieved changes","timestamp":"2024-11-20T20:12:19.467Z","totalChanges":622}
{"level":"info","message":"Analysis complete","suggestionsCount":1,"timestamp":"2024-11-20T20:12:19.470Z"}
